[INFO  - 2017-05-05T05:21:50.650Z] GhostDriver - Main - running on port 17024
[INFO  - 2017-05-05T05:21:50.917Z] Session [be5fd400-3152-11e7-8cd7-434c923c0d0c] - page.settings - {"XSSAuditingEnabled":false,"javascriptCanCloseWindows":true,"javascriptCanOpenWindows":true,"javascriptEnabled":true,"loadImages":true,"localToRemoteUrlAccessEnabled":false,"userAgent":"Mozilla/5.0 (Macintosh; Intel Mac OS X) AppleWebKit/538.1 (KHTML, like Gecko) PhantomJS/2.1.1 Safari/538.1","webSecurityEnabled":true}
[INFO  - 2017-05-05T05:21:50.917Z] Session [be5fd400-3152-11e7-8cd7-434c923c0d0c] - page.customHeaders:  - {}
[INFO  - 2017-05-05T05:21:50.917Z] Session [be5fd400-3152-11e7-8cd7-434c923c0d0c] - Session.negotiatedCapabilities - {"browserName":"phantomjs","version":"2.1.1","driverName":"ghostdriver","driverVersion":"1.2.0","platform":"mac-unknown-64bit","javascriptEnabled":true,"takesScreenshot":true,"handlesAlerts":false,"databaseEnabled":false,"locationContextEnabled":false,"applicationCacheEnabled":false,"browserConnectionEnabled":false,"cssSelectorsEnabled":true,"webStorageEnabled":false,"rotatable":false,"acceptSslCerts":false,"nativeEvents":true,"proxy":{"proxyType":"direct"}}
[INFO  - 2017-05-05T05:21:50.917Z] SessionManagerReqHand - _postNewSessionCommand - New Session Created: be5fd400-3152-11e7-8cd7-434c923c0d0c
[INFO  - 2017-05-05T05:21:52.056Z] GhostDriver - Main - running on port 39902
[INFO  - 2017-05-05T05:21:52.334Z] Session [bf3832a0-3152-11e7-84ac-777a736e3f5c] - page.settings - {"XSSAuditingEnabled":false,"javascriptCanCloseWindows":true,"javascriptCanOpenWindows":true,"javascriptEnabled":true,"loadImages":true,"localToRemoteUrlAccessEnabled":false,"userAgent":"Mozilla/5.0 (Macintosh; Intel Mac OS X) AppleWebKit/538.1 (KHTML, like Gecko) PhantomJS/2.1.1 Safari/538.1","webSecurityEnabled":true}
[INFO  - 2017-05-05T05:21:52.334Z] Session [bf3832a0-3152-11e7-84ac-777a736e3f5c] - page.customHeaders:  - {}
[INFO  - 2017-05-05T05:21:52.334Z] Session [bf3832a0-3152-11e7-84ac-777a736e3f5c] - Session.negotiatedCapabilities - {"browserName":"phantomjs","version":"2.1.1","driverName":"ghostdriver","driverVersion":"1.2.0","platform":"mac-unknown-64bit","javascriptEnabled":true,"takesScreenshot":true,"handlesAlerts":false,"databaseEnabled":false,"locationContextEnabled":false,"applicationCacheEnabled":false,"browserConnectionEnabled":false,"cssSelectorsEnabled":true,"webStorageEnabled":false,"rotatable":false,"acceptSslCerts":false,"nativeEvents":true,"proxy":{"proxyType":"direct"}}
[INFO  - 2017-05-05T05:21:52.335Z] SessionManagerReqHand - _postNewSessionCommand - New Session Created: bf3832a0-3152-11e7-84ac-777a736e3f5c
[INFO  - 2017-05-05T05:23:01.337Z] GhostDriver - Main - running on port 38379
[INFO  - 2017-05-05T05:23:01.341Z] GhostDriver - Main - running on port 8647
[INFO  - 2017-05-05T05:23:01.433Z] Session [e867de50-3152-11e7-aa60-672234ce9de7] - page.settings - {"XSSAuditingEnabled":false,"javascriptCanCloseWindows":true,"javascriptCanOpenWindows":true,"javascriptEnabled":true,"loadImages":true,"localToRemoteUrlAccessEnabled":false,"userAgent":"Mozilla/5.0 (Macintosh; Intel Mac OS X) AppleWebKit/538.1 (KHTML, like Gecko) PhantomJS/2.1.1 Safari/538.1","webSecurityEnabled":true}
[INFO  - 2017-05-05T05:23:01.433Z] Session [e867de50-3152-11e7-aa60-672234ce9de7] - page.customHeaders:  - {}
[INFO  - 2017-05-05T05:23:01.433Z] Session [e867de50-3152-11e7-aa60-672234ce9de7] - Session.negotiatedCapabilities - {"browserName":"phantomjs","version":"2.1.1","driverName":"ghostdriver","driverVersion":"1.2.0","platform":"mac-unknown-64bit","javascriptEnabled":true,"takesScreenshot":true,"handlesAlerts":false,"databaseEnabled":false,"locationContextEnabled":false,"applicationCacheEnabled":false,"browserConnectionEnabled":false,"cssSelectorsEnabled":true,"webStorageEnabled":false,"rotatable":false,"acceptSslCerts":false,"nativeEvents":true,"proxy":{"proxyType":"direct"}}
[INFO  - 2017-05-05T05:23:01.434Z] SessionManagerReqHand - _postNewSessionCommand - New Session Created: e867de50-3152-11e7-aa60-672234ce9de7
[INFO  - 2017-05-05T05:23:01.675Z] Session [e88ccb70-3152-11e7-9817-07392f412b9b] - page.settings - {"XSSAuditingEnabled":false,"javascriptCanCloseWindows":true,"javascriptCanOpenWindows":true,"javascriptEnabled":true,"loadImages":true,"localToRemoteUrlAccessEnabled":false,"userAgent":"Mozilla/5.0 (Macintosh; Intel Mac OS X) AppleWebKit/538.1 (KHTML, like Gecko) PhantomJS/2.1.1 Safari/538.1","webSecurityEnabled":true}
[INFO  - 2017-05-05T05:23:01.675Z] Session [e88ccb70-3152-11e7-9817-07392f412b9b] - page.customHeaders:  - {}
[INFO  - 2017-05-05T05:23:01.675Z] Session [e88ccb70-3152-11e7-9817-07392f412b9b] - Session.negotiatedCapabilities - {"browserName":"phantomjs","version":"2.1.1","driverName":"ghostdriver","driverVersion":"1.2.0","platform":"mac-unknown-64bit","javascriptEnabled":true,"takesScreenshot":true,"handlesAlerts":false,"databaseEnabled":false,"locationContextEnabled":false,"applicationCacheEnabled":false,"browserConnectionEnabled":false,"cssSelectorsEnabled":true,"webStorageEnabled":false,"rotatable":false,"acceptSslCerts":false,"nativeEvents":true,"proxy":{"proxyType":"direct"}}
[INFO  - 2017-05-05T05:23:01.675Z] SessionManagerReqHand - _postNewSessionCommand - New Session Created: e88ccb70-3152-11e7-9817-07392f412b9b
[INFO  - 2017-05-05T05:26:14.921Z] GhostDriver - Main - running on port 41476
[INFO  - 2017-05-05T05:26:15.329Z] Session [5bfa0cd0-3153-11e7-b161-4bcfc8e57ac5] - page.settings - {"XSSAuditingEnabled":false,"javascriptCanCloseWindows":true,"javascriptCanOpenWindows":true,"javascriptEnabled":true,"loadImages":true,"localToRemoteUrlAccessEnabled":false,"userAgent":"Mozilla/5.0 (Macintosh; Intel Mac OS X) AppleWebKit/538.1 (KHTML, like Gecko) PhantomJS/2.1.1 Safari/538.1","webSecurityEnabled":true}
[INFO  - 2017-05-05T05:26:15.329Z] Session [5bfa0cd0-3153-11e7-b161-4bcfc8e57ac5] - page.customHeaders:  - {}
[INFO  - 2017-05-05T05:26:15.329Z] Session [5bfa0cd0-3153-11e7-b161-4bcfc8e57ac5] - Session.negotiatedCapabilities - {"browserName":"phantomjs","version":"2.1.1","driverName":"ghostdriver","driverVersion":"1.2.0","platform":"mac-unknown-64bit","javascriptEnabled":true,"takesScreenshot":true,"handlesAlerts":false,"databaseEnabled":false,"locationContextEnabled":false,"applicationCacheEnabled":false,"browserConnectionEnabled":false,"cssSelectorsEnabled":true,"webStorageEnabled":false,"rotatable":false,"acceptSslCerts":false,"nativeEvents":true,"proxy":{"proxyType":"direct"}}
[INFO  - 2017-05-05T05:26:15.329Z] SessionManagerReqHand - _postNewSessionCommand - New Session Created: 5bfa0cd0-3153-11e7-b161-4bcfc8e57ac5
[INFO  - 2017-05-05T05:29:11.966Z] GhostDriver - Main - running on port 10433
[INFO  - 2017-05-05T05:29:12.285Z] Session [c5736490-3153-11e7-a8fc-612b042ceeeb] - page.settings - {"XSSAuditingEnabled":false,"javascriptCanCloseWindows":true,"javascriptCanOpenWindows":true,"javascriptEnabled":true,"loadImages":true,"localToRemoteUrlAccessEnabled":false,"userAgent":"Mozilla/5.0 (Macintosh; Intel Mac OS X) AppleWebKit/538.1 (KHTML, like Gecko) PhantomJS/2.1.1 Safari/538.1","webSecurityEnabled":true}
[INFO  - 2017-05-05T05:29:12.285Z] Session [c5736490-3153-11e7-a8fc-612b042ceeeb] - page.customHeaders:  - {}
[INFO  - 2017-05-05T05:29:12.285Z] Session [c5736490-3153-11e7-a8fc-612b042ceeeb] - Session.negotiatedCapabilities - {"browserName":"phantomjs","version":"2.1.1","driverName":"ghostdriver","driverVersion":"1.2.0","platform":"mac-unknown-64bit","javascriptEnabled":true,"takesScreenshot":true,"handlesAlerts":false,"databaseEnabled":false,"locationContextEnabled":false,"applicationCacheEnabled":false,"browserConnectionEnabled":false,"cssSelectorsEnabled":true,"webStorageEnabled":false,"rotatable":false,"acceptSslCerts":false,"nativeEvents":true,"proxy":{"proxyType":"direct"}}
[INFO  - 2017-05-05T05:29:12.286Z] SessionManagerReqHand - _postNewSessionCommand - New Session Created: c5736490-3153-11e7-a8fc-612b042ceeeb
[INFO  - 2017-05-05T05:31:03.281Z] GhostDriver - Main - running on port 22936
[INFO  - 2017-05-05T05:31:03.281Z] GhostDriver - Main - running on port 40287
[INFO  - 2017-05-05T05:31:03.400Z] Session [07acd2b0-3154-11e7-9f9e-3fbbe38d3143] - page.settings - {"XSSAuditingEnabled":false,"javascriptCanCloseWindows":true,"javascriptCanOpenWindows":true,"javascriptEnabled":true,"loadImages":true,"localToRemoteUrlAccessEnabled":false,"userAgent":"Mozilla/5.0 (Macintosh; Intel Mac OS X) AppleWebKit/538.1 (KHTML, like Gecko) PhantomJS/2.1.1 Safari/538.1","webSecurityEnabled":true}
[INFO  - 2017-05-05T05:31:03.400Z] Session [07acd2b0-3154-11e7-bad7-a13cbdb9b388] - page.settings - {"XSSAuditingEnabled":false,"javascriptCanCloseWindows":true,"javascriptCanOpenWindows":true,"javascriptEnabled":true,"loadImages":true,"localToRemoteUrlAccessEnabled":false,"userAgent":"Mozilla/5.0 (Macintosh; Intel Mac OS X) AppleWebKit/538.1 (KHTML, like Gecko) PhantomJS/2.1.1 Safari/538.1","webSecurityEnabled":true}
[INFO  - 2017-05-05T05:31:03.400Z] Session [07acd2b0-3154-11e7-9f9e-3fbbe38d3143] - page.customHeaders:  - {}
[INFO  - 2017-05-05T05:31:03.400Z] Session [07acd2b0-3154-11e7-bad7-a13cbdb9b388] - page.customHeaders:  - {}
[INFO  - 2017-05-05T05:31:03.400Z] Session [07acd2b0-3154-11e7-9f9e-3fbbe38d3143] - Session.negotiatedCapabilities - {"browserName":"phantomjs","version":"2.1.1","driverName":"ghostdriver","driverVersion":"1.2.0","platform":"mac-unknown-64bit","javascriptEnabled":true,"takesScreenshot":true,"handlesAlerts":false,"databaseEnabled":false,"locationContextEnabled":false,"applicationCacheEnabled":false,"browserConnectionEnabled":false,"cssSelectorsEnabled":true,"webStorageEnabled":false,"rotatable":false,"acceptSslCerts":false,"nativeEvents":true,"proxy":{"proxyType":"direct"}}
[INFO  - 2017-05-05T05:31:03.400Z] Session [07acd2b0-3154-11e7-bad7-a13cbdb9b388] - Session.negotiatedCapabilities - {"browserName":"phantomjs","version":"2.1.1","driverName":"ghostdriver","driverVersion":"1.2.0","platform":"mac-unknown-64bit","javascriptEnabled":true,"takesScreenshot":true,"handlesAlerts":false,"databaseEnabled":false,"locationContextEnabled":false,"applicationCacheEnabled":false,"browserConnectionEnabled":false,"cssSelectorsEnabled":true,"webStorageEnabled":false,"rotatable":false,"acceptSslCerts":false,"nativeEvents":true,"proxy":{"proxyType":"direct"}}
[INFO  - 2017-05-05T05:31:03.400Z] SessionManagerReqHand - _postNewSessionCommand - New Session Created: 07acd2b0-3154-11e7-9f9e-3fbbe38d3143
[INFO  - 2017-05-05T05:31:03.400Z] SessionManagerReqHand - _postNewSessionCommand - New Session Created: 07acd2b0-3154-11e7-bad7-a13cbdb9b388
[INFO  - 2017-05-05T05:34:10.472Z] GhostDriver - Main - running on port 10342
[INFO  - 2017-05-05T05:34:10.475Z] GhostDriver - Main - running on port 4309
[INFO  - 2017-05-05T05:34:10.694Z] Session [7750fe20-3154-11e7-aeef-7370a55cd23c] - page.settings - {"XSSAuditingEnabled":false,"javascriptCanCloseWindows":true,"javascriptCanOpenWindows":true,"javascriptEnabled":true,"loadImages":true,"localToRemoteUrlAccessEnabled":false,"userAgent":"Mozilla/5.0 (Macintosh; Intel Mac OS X) AppleWebKit/538.1 (KHTML, like Gecko) PhantomJS/2.1.1 Safari/538.1","webSecurityEnabled":true}
[INFO  - 2017-05-05T05:34:10.694Z] Session [7750fe20-3154-11e7-bafb-0b3cd693ae20] - page.settings - {"XSSAuditingEnabled":false,"javascriptCanCloseWindows":true,"javascriptCanOpenWindows":true,"javascriptEnabled":true,"loadImages":true,"localToRemoteUrlAccessEnabled":false,"userAgent":"Mozilla/5.0 (Macintosh; Intel Mac OS X) AppleWebKit/538.1 (KHTML, like Gecko) PhantomJS/2.1.1 Safari/538.1","webSecurityEnabled":true}
[INFO  - 2017-05-05T05:34:10.694Z] Session [7750fe20-3154-11e7-aeef-7370a55cd23c] - page.customHeaders:  - {}
[INFO  - 2017-05-05T05:34:10.694Z] Session [7750fe20-3154-11e7-bafb-0b3cd693ae20] - page.customHeaders:  - {}
[INFO  - 2017-05-05T05:34:10.694Z] Session [7750fe20-3154-11e7-bafb-0b3cd693ae20] - Session.negotiatedCapabilities - {"browserName":"phantomjs","version":"2.1.1","driverName":"ghostdriver","driverVersion":"1.2.0","platform":"mac-unknown-64bit","javascriptEnabled":true,"takesScreenshot":true,"handlesAlerts":false,"databaseEnabled":false,"locationContextEnabled":false,"applicationCacheEnabled":false,"browserConnectionEnabled":false,"cssSelectorsEnabled":true,"webStorageEnabled":false,"rotatable":false,"acceptSslCerts":false,"nativeEvents":true,"proxy":{"proxyType":"direct"}}
[INFO  - 2017-05-05T05:34:10.694Z] Session [7750fe20-3154-11e7-aeef-7370a55cd23c] - Session.negotiatedCapabilities - {"browserName":"phantomjs","version":"2.1.1","driverName":"ghostdriver","driverVersion":"1.2.0","platform":"mac-unknown-64bit","javascriptEnabled":true,"takesScreenshot":true,"handlesAlerts":false,"databaseEnabled":false,"locationContextEnabled":false,"applicationCacheEnabled":false,"browserConnectionEnabled":false,"cssSelectorsEnabled":true,"webStorageEnabled":false,"rotatable":false,"acceptSslCerts":false,"nativeEvents":true,"proxy":{"proxyType":"direct"}}
[INFO  - 2017-05-05T05:34:10.695Z] SessionManagerReqHand - _postNewSessionCommand - New Session Created: 7750fe20-3154-11e7-bafb-0b3cd693ae20
[INFO  - 2017-05-05T05:34:10.695Z] SessionManagerReqHand - _postNewSessionCommand - New Session Created: 7750fe20-3154-11e7-aeef-7370a55cd23c
[INFO  - 2017-05-05T05:37:02.032Z] GhostDriver - Main - running on port 3031
[INFO  - 2017-05-05T05:37:02.035Z] GhostDriver - Main - running on port 6216
[INFO  - 2017-05-05T05:37:02.336Z] Session [dd9f7bc0-3154-11e7-9787-ed55d1276578] - page.settings - {"XSSAuditingEnabled":false,"javascriptCanCloseWindows":true,"javascriptCanOpenWindows":true,"javascriptEnabled":true,"loadImages":true,"localToRemoteUrlAccessEnabled":false,"userAgent":"Mozilla/5.0 (Macintosh; Intel Mac OS X) AppleWebKit/538.1 (KHTML, like Gecko) PhantomJS/2.1.1 Safari/538.1","webSecurityEnabled":true}
[INFO  - 2017-05-05T05:37:02.336Z] Session [dd9f7bc0-3154-11e7-8231-733b09910847] - page.settings - {"XSSAuditingEnabled":false,"javascriptCanCloseWindows":true,"javascriptCanOpenWindows":true,"javascriptEnabled":true,"loadImages":true,"localToRemoteUrlAccessEnabled":false,"userAgent":"Mozilla/5.0 (Macintosh; Intel Mac OS X) AppleWebKit/538.1 (KHTML, like Gecko) PhantomJS/2.1.1 Safari/538.1","webSecurityEnabled":true}
[INFO  - 2017-05-05T05:37:02.336Z] Session [dd9f7bc0-3154-11e7-9787-ed55d1276578] - page.customHeaders:  - {}
[INFO  - 2017-05-05T05:37:02.336Z] Session [dd9f7bc0-3154-11e7-8231-733b09910847] - page.customHeaders:  - {}
[INFO  - 2017-05-05T05:37:02.336Z] Session [dd9f7bc0-3154-11e7-9787-ed55d1276578] - Session.negotiatedCapabilities - {"browserName":"phantomjs","version":"2.1.1","driverName":"ghostdriver","driverVersion":"1.2.0","platform":"mac-unknown-64bit","javascriptEnabled":true,"takesScreenshot":true,"handlesAlerts":false,"databaseEnabled":false,"locationContextEnabled":false,"applicationCacheEnabled":false,"browserConnectionEnabled":false,"cssSelectorsEnabled":true,"webStorageEnabled":false,"rotatable":false,"acceptSslCerts":false,"nativeEvents":true,"proxy":{"proxyType":"direct"}}
[INFO  - 2017-05-05T05:37:02.336Z] Session [dd9f7bc0-3154-11e7-8231-733b09910847] - Session.negotiatedCapabilities - {"browserName":"phantomjs","version":"2.1.1","driverName":"ghostdriver","driverVersion":"1.2.0","platform":"mac-unknown-64bit","javascriptEnabled":true,"takesScreenshot":true,"handlesAlerts":false,"databaseEnabled":false,"locationContextEnabled":false,"applicationCacheEnabled":false,"browserConnectionEnabled":false,"cssSelectorsEnabled":true,"webStorageEnabled":false,"rotatable":false,"acceptSslCerts":false,"nativeEvents":true,"proxy":{"proxyType":"direct"}}
[INFO  - 2017-05-05T05:37:02.336Z] SessionManagerReqHand - _postNewSessionCommand - New Session Created: dd9f7bc0-3154-11e7-9787-ed55d1276578
[INFO  - 2017-05-05T05:37:02.336Z] SessionManagerReqHand - _postNewSessionCommand - New Session Created: dd9f7bc0-3154-11e7-8231-733b09910847
[INFO  - 2017-05-05T05:38:28.857Z] GhostDriver - Main - running on port 8629
[INFO  - 2017-05-05T05:38:28.858Z] GhostDriver - Main - running on port 27060
[INFO  - 2017-05-05T05:38:28.965Z] Session [11420510-3155-11e7-aaa0-e77ce14943d7] - page.settings - {"XSSAuditingEnabled":false,"javascriptCanCloseWindows":true,"javascriptCanOpenWindows":true,"javascriptEnabled":true,"loadImages":true,"localToRemoteUrlAccessEnabled":false,"userAgent":"Mozilla/5.0 (Macintosh; Intel Mac OS X) AppleWebKit/538.1 (KHTML, like Gecko) PhantomJS/2.1.1 Safari/538.1","webSecurityEnabled":true}
[INFO  - 2017-05-05T05:38:28.965Z] Session [11420510-3155-11e7-9380-25cb98522d0d] - page.settings - {"XSSAuditingEnabled":false,"javascriptCanCloseWindows":true,"javascriptCanOpenWindows":true,"javascriptEnabled":true,"loadImages":true,"localToRemoteUrlAccessEnabled":false,"userAgent":"Mozilla/5.0 (Macintosh; Intel Mac OS X) AppleWebKit/538.1 (KHTML, like Gecko) PhantomJS/2.1.1 Safari/538.1","webSecurityEnabled":true}
[INFO  - 2017-05-05T05:38:28.965Z] Session [11420510-3155-11e7-aaa0-e77ce14943d7] - page.customHeaders:  - {}
[INFO  - 2017-05-05T05:38:28.965Z] Session [11420510-3155-11e7-9380-25cb98522d0d] - page.customHeaders:  - {}
[INFO  - 2017-05-05T05:38:28.965Z] Session [11420510-3155-11e7-aaa0-e77ce14943d7] - Session.negotiatedCapabilities - {"browserName":"phantomjs","version":"2.1.1","driverName":"ghostdriver","driverVersion":"1.2.0","platform":"mac-unknown-64bit","javascriptEnabled":true,"takesScreenshot":true,"handlesAlerts":false,"databaseEnabled":false,"locationContextEnabled":false,"applicationCacheEnabled":false,"browserConnectionEnabled":false,"cssSelectorsEnabled":true,"webStorageEnabled":false,"rotatable":false,"acceptSslCerts":false,"nativeEvents":true,"proxy":{"proxyType":"direct"}}
[INFO  - 2017-05-05T05:38:28.965Z] Session [11420510-3155-11e7-9380-25cb98522d0d] - Session.negotiatedCapabilities - {"browserName":"phantomjs","version":"2.1.1","driverName":"ghostdriver","driverVersion":"1.2.0","platform":"mac-unknown-64bit","javascriptEnabled":true,"takesScreenshot":true,"handlesAlerts":false,"databaseEnabled":false,"locationContextEnabled":false,"applicationCacheEnabled":false,"browserConnectionEnabled":false,"cssSelectorsEnabled":true,"webStorageEnabled":false,"rotatable":false,"acceptSslCerts":false,"nativeEvents":true,"proxy":{"proxyType":"direct"}}
[INFO  - 2017-05-05T05:38:28.965Z] SessionManagerReqHand - _postNewSessionCommand - New Session Created: 11420510-3155-11e7-9380-25cb98522d0d
[INFO  - 2017-05-05T05:38:28.965Z] SessionManagerReqHand - _postNewSessionCommand - New Session Created: 11420510-3155-11e7-aaa0-e77ce14943d7
[INFO  - 2017-05-05T05:40:06.844Z] GhostDriver - Main - running on port 45889
[INFO  - 2017-05-05T05:40:07.152Z] Session [4bc82ac0-3155-11e7-bd52-8b4305feed07] - page.settings - {"XSSAuditingEnabled":false,"javascriptCanCloseWindows":true,"javascriptCanOpenWindows":true,"javascriptEnabled":true,"loadImages":true,"localToRemoteUrlAccessEnabled":false,"userAgent":"Mozilla/5.0 (Macintosh; Intel Mac OS X) AppleWebKit/538.1 (KHTML, like Gecko) PhantomJS/2.1.1 Safari/538.1","webSecurityEnabled":true}
[INFO  - 2017-05-05T05:40:07.152Z] Session [4bc82ac0-3155-11e7-bd52-8b4305feed07] - page.customHeaders:  - {}
[INFO  - 2017-05-05T05:40:07.152Z] Session [4bc82ac0-3155-11e7-bd52-8b4305feed07] - Session.negotiatedCapabilities - {"browserName":"phantomjs","version":"2.1.1","driverName":"ghostdriver","driverVersion":"1.2.0","platform":"mac-unknown-64bit","javascriptEnabled":true,"takesScreenshot":true,"handlesAlerts":false,"databaseEnabled":false,"locationContextEnabled":false,"applicationCacheEnabled":false,"browserConnectionEnabled":false,"cssSelectorsEnabled":true,"webStorageEnabled":false,"rotatable":false,"acceptSslCerts":false,"nativeEvents":true,"proxy":{"proxyType":"direct"}}
[INFO  - 2017-05-05T05:40:07.152Z] SessionManagerReqHand - _postNewSessionCommand - New Session Created: 4bc82ac0-3155-11e7-bd52-8b4305feed07
[INFO  - 2017-05-05T05:43:24.713Z] GhostDriver - Main - running on port 43107
[INFO  - 2017-05-05T05:43:25.005Z] Session [c1b5d570-3155-11e7-8838-67f23385e57b] - page.settings - {"XSSAuditingEnabled":false,"javascriptCanCloseWindows":true,"javascriptCanOpenWindows":true,"javascriptEnabled":true,"loadImages":true,"localToRemoteUrlAccessEnabled":false,"userAgent":"Mozilla/5.0 (Macintosh; Intel Mac OS X) AppleWebKit/538.1 (KHTML, like Gecko) PhantomJS/2.1.1 Safari/538.1","webSecurityEnabled":true}
[INFO  - 2017-05-05T05:43:25.006Z] Session [c1b5d570-3155-11e7-8838-67f23385e57b] - page.customHeaders:  - {}
[INFO  - 2017-05-05T05:43:25.006Z] Session [c1b5d570-3155-11e7-8838-67f23385e57b] - Session.negotiatedCapabilities - {"browserName":"phantomjs","version":"2.1.1","driverName":"ghostdriver","driverVersion":"1.2.0","platform":"mac-unknown-64bit","javascriptEnabled":true,"takesScreenshot":true,"handlesAlerts":false,"databaseEnabled":false,"locationContextEnabled":false,"applicationCacheEnabled":false,"browserConnectionEnabled":false,"cssSelectorsEnabled":true,"webStorageEnabled":false,"rotatable":false,"acceptSslCerts":false,"nativeEvents":true,"proxy":{"proxyType":"direct"}}
[INFO  - 2017-05-05T05:43:25.006Z] SessionManagerReqHand - _postNewSessionCommand - New Session Created: c1b5d570-3155-11e7-8838-67f23385e57b
[INFO  - 2017-05-05T05:43:54.851Z] GhostDriver - Main - running on port 3024
[INFO  - 2017-05-05T05:43:55.184Z] Session [d3b316c0-3155-11e7-8a37-bf6943912c9f] - page.settings - {"XSSAuditingEnabled":false,"javascriptCanCloseWindows":true,"javascriptCanOpenWindows":true,"javascriptEnabled":true,"loadImages":true,"localToRemoteUrlAccessEnabled":false,"userAgent":"Mozilla/5.0 (Macintosh; Intel Mac OS X) AppleWebKit/538.1 (KHTML, like Gecko) PhantomJS/2.1.1 Safari/538.1","webSecurityEnabled":true}
[INFO  - 2017-05-05T05:43:55.184Z] Session [d3b316c0-3155-11e7-8a37-bf6943912c9f] - page.customHeaders:  - {}
[INFO  - 2017-05-05T05:43:55.184Z] Session [d3b316c0-3155-11e7-8a37-bf6943912c9f] - Session.negotiatedCapabilities - {"browserName":"phantomjs","version":"2.1.1","driverName":"ghostdriver","driverVersion":"1.2.0","platform":"mac-unknown-64bit","javascriptEnabled":true,"takesScreenshot":true,"handlesAlerts":false,"databaseEnabled":false,"locationContextEnabled":false,"applicationCacheEnabled":false,"browserConnectionEnabled":false,"cssSelectorsEnabled":true,"webStorageEnabled":false,"rotatable":false,"acceptSslCerts":false,"nativeEvents":true,"proxy":{"proxyType":"direct"}}
[INFO  - 2017-05-05T05:43:55.184Z] SessionManagerReqHand - _postNewSessionCommand - New Session Created: d3b316c0-3155-11e7-8a37-bf6943912c9f
[INFO  - 2017-05-05T05:44:02.649Z] GhostDriver - Main - running on port 21575
[INFO  - 2017-05-05T05:44:02.938Z] Session [d8524160-3155-11e7-ad25-cdb6bdd73efe] - page.settings - {"XSSAuditingEnabled":false,"javascriptCanCloseWindows":true,"javascriptCanOpenWindows":true,"javascriptEnabled":true,"loadImages":true,"localToRemoteUrlAccessEnabled":false,"userAgent":"Mozilla/5.0 (Macintosh; Intel Mac OS X) AppleWebKit/538.1 (KHTML, like Gecko) PhantomJS/2.1.1 Safari/538.1","webSecurityEnabled":true}
[INFO  - 2017-05-05T05:44:02.938Z] Session [d8524160-3155-11e7-ad25-cdb6bdd73efe] - page.customHeaders:  - {}
[INFO  - 2017-05-05T05:44:02.938Z] Session [d8524160-3155-11e7-ad25-cdb6bdd73efe] - Session.negotiatedCapabilities - {"browserName":"phantomjs","version":"2.1.1","driverName":"ghostdriver","driverVersion":"1.2.0","platform":"mac-unknown-64bit","javascriptEnabled":true,"takesScreenshot":true,"handlesAlerts":false,"databaseEnabled":false,"locationContextEnabled":false,"applicationCacheEnabled":false,"browserConnectionEnabled":false,"cssSelectorsEnabled":true,"webStorageEnabled":false,"rotatable":false,"acceptSslCerts":false,"nativeEvents":true,"proxy":{"proxyType":"direct"}}
[INFO  - 2017-05-05T05:44:02.938Z] SessionManagerReqHand - _postNewSessionCommand - New Session Created: d8524160-3155-11e7-ad25-cdb6bdd73efe
[INFO  - 2017-05-05T05:45:20.819Z] GhostDriver - Main - running on port 26978
[INFO  - 2017-05-05T05:45:20.824Z] GhostDriver - Main - running on port 37232
[INFO  - 2017-05-05T05:45:21.001Z] Session [06d99240-3156-11e7-a6eb-790d90342189] - page.settings - {"XSSAuditingEnabled":false,"javascriptCanCloseWindows":true,"javascriptCanOpenWindows":true,"javascriptEnabled":true,"loadImages":true,"localToRemoteUrlAccessEnabled":false,"userAgent":"Mozilla/5.0 (Macintosh; Intel Mac OS X) AppleWebKit/538.1 (KHTML, like Gecko) PhantomJS/2.1.1 Safari/538.1","webSecurityEnabled":true}
[INFO  - 2017-05-05T05:45:21.001Z] Session [06d99240-3156-11e7-a6eb-790d90342189] - page.customHeaders:  - {}
[INFO  - 2017-05-05T05:45:21.001Z] Session [06d99240-3156-11e7-93ec-9bf327112ce5] - page.settings - {"XSSAuditingEnabled":false,"javascriptCanCloseWindows":true,"javascriptCanOpenWindows":true,"javascriptEnabled":true,"loadImages":true,"localToRemoteUrlAccessEnabled":false,"userAgent":"Mozilla/5.0 (Macintosh; Intel Mac OS X) AppleWebKit/538.1 (KHTML, like Gecko) PhantomJS/2.1.1 Safari/538.1","webSecurityEnabled":true}
[INFO  - 2017-05-05T05:45:21.001Z] Session [06d99240-3156-11e7-93ec-9bf327112ce5] - page.customHeaders:  - {}
[INFO  - 2017-05-05T05:45:21.001Z] Session [06d99240-3156-11e7-a6eb-790d90342189] - Session.negotiatedCapabilities - {"browserName":"phantomjs","version":"2.1.1","driverName":"ghostdriver","driverVersion":"1.2.0","platform":"mac-unknown-64bit","javascriptEnabled":true,"takesScreenshot":true,"handlesAlerts":false,"databaseEnabled":false,"locationContextEnabled":false,"applicationCacheEnabled":false,"browserConnectionEnabled":false,"cssSelectorsEnabled":true,"webStorageEnabled":false,"rotatable":false,"acceptSslCerts":false,"nativeEvents":true,"proxy":{"proxyType":"direct"}}
[INFO  - 2017-05-05T05:45:21.001Z] Session [06d99240-3156-11e7-93ec-9bf327112ce5] - Session.negotiatedCapabilities - {"browserName":"phantomjs","version":"2.1.1","driverName":"ghostdriver","driverVersion":"1.2.0","platform":"mac-unknown-64bit","javascriptEnabled":true,"takesScreenshot":true,"handlesAlerts":false,"databaseEnabled":false,"locationContextEnabled":false,"applicationCacheEnabled":false,"browserConnectionEnabled":false,"cssSelectorsEnabled":true,"webStorageEnabled":false,"rotatable":false,"acceptSslCerts":false,"nativeEvents":true,"proxy":{"proxyType":"direct"}}
[INFO  - 2017-05-05T05:45:21.001Z] SessionManagerReqHand - _postNewSessionCommand - New Session Created: 06d99240-3156-11e7-a6eb-790d90342189
[INFO  - 2017-05-05T05:45:21.001Z] SessionManagerReqHand - _postNewSessionCommand - New Session Created: 06d99240-3156-11e7-93ec-9bf327112ce5
[INFO  - 2017-05-05T05:50:21.036Z] SessionManagerReqHand - _cleanupWindowlessSessions - Asynchronous Sessions clean-up phase starting NOW
[INFO  - 2017-05-05T05:50:21.036Z] SessionManagerReqHand - _cleanupWindowlessSessions - Asynchronous Sessions clean-up phase starting NOW
[INFO  - 2017-05-05T05:55:21.017Z] SessionManagerReqHand - _cleanupWindowlessSessions - Asynchronous Sessions clean-up phase starting NOW
[INFO  - 2017-05-05T05:55:21.017Z] SessionManagerReqHand - _cleanupWindowlessSessions - Asynchronous Sessions clean-up phase starting NOW
[INFO  - 2017-05-05T06:15:41.194Z] SessionManagerReqHand - _cleanupWindowlessSessions - Asynchronous Sessions clean-up phase starting NOW
[INFO  - 2017-05-05T06:15:41.194Z] SessionManagerReqHand - _cleanupWindowlessSessions - Asynchronous Sessions clean-up phase starting NOW
[INFO  - 2017-05-05T06:20:41.174Z] SessionManagerReqHand - _cleanupWindowlessSessions - Asynchronous Sessions clean-up phase starting NOW
[INFO  - 2017-05-05T06:20:41.174Z] SessionManagerReqHand - _cleanupWindowlessSessions - Asynchronous Sessions clean-up phase starting NOW
[INFO  - 2017-05-05T06:38:30.853Z] GhostDriver - Main - running on port 18948
[INFO  - 2017-05-05T06:38:30.853Z] GhostDriver - Main - running on port 40275
[INFO  - 2017-05-05T06:38:30.995Z] Session [743c2df0-315d-11e7-bd2c-19c8ee22ceda] - page.settings - {"XSSAuditingEnabled":false,"javascriptCanCloseWindows":true,"javascriptCanOpenWindows":true,"javascriptEnabled":true,"loadImages":true,"localToRemoteUrlAccessEnabled":false,"userAgent":"Mozilla/5.0 (Macintosh; Intel Mac OS X) AppleWebKit/538.1 (KHTML, like Gecko) PhantomJS/2.1.1 Safari/538.1","webSecurityEnabled":true}
[INFO  - 2017-05-05T06:38:30.996Z] Session [743c2df0-315d-11e7-bd2c-19c8ee22ceda] - page.customHeaders:  - {}
[INFO  - 2017-05-05T06:38:30.996Z] Session [743c2df0-315d-11e7-9209-8372c33b3710] - page.settings - {"XSSAuditingEnabled":false,"javascriptCanCloseWindows":true,"javascriptCanOpenWindows":true,"javascriptEnabled":true,"loadImages":true,"localToRemoteUrlAccessEnabled":false,"userAgent":"Mozilla/5.0 (Macintosh; Intel Mac OS X) AppleWebKit/538.1 (KHTML, like Gecko) PhantomJS/2.1.1 Safari/538.1","webSecurityEnabled":true}
[INFO  - 2017-05-05T06:38:30.996Z] Session [743c2df0-315d-11e7-bd2c-19c8ee22ceda] - Session.negotiatedCapabilities - {"browserName":"phantomjs","version":"2.1.1","driverName":"ghostdriver","driverVersion":"1.2.0","platform":"mac-unknown-64bit","javascriptEnabled":true,"takesScreenshot":true,"handlesAlerts":false,"databaseEnabled":false,"locationContextEnabled":false,"applicationCacheEnabled":false,"browserConnectionEnabled":false,"cssSelectorsEnabled":true,"webStorageEnabled":false,"rotatable":false,"acceptSslCerts":false,"nativeEvents":true,"proxy":{"proxyType":"direct"}}
[INFO  - 2017-05-05T06:38:30.996Z] Session [743c2df0-315d-11e7-9209-8372c33b3710] - page.customHeaders:  - {}
[INFO  - 2017-05-05T06:38:30.996Z] Session [743c2df0-315d-11e7-9209-8372c33b3710] - Session.negotiatedCapabilities - {"browserName":"phantomjs","version":"2.1.1","driverName":"ghostdriver","driverVersion":"1.2.0","platform":"mac-unknown-64bit","javascriptEnabled":true,"takesScreenshot":true,"handlesAlerts":false,"databaseEnabled":false,"locationContextEnabled":false,"applicationCacheEnabled":false,"browserConnectionEnabled":false,"cssSelectorsEnabled":true,"webStorageEnabled":false,"rotatable":false,"acceptSslCerts":false,"nativeEvents":true,"proxy":{"proxyType":"direct"}}
[INFO  - 2017-05-05T06:38:30.996Z] SessionManagerReqHand - _postNewSessionCommand - New Session Created: 743c2df0-315d-11e7-bd2c-19c8ee22ceda
[INFO  - 2017-05-05T06:38:30.996Z] SessionManagerReqHand - _postNewSessionCommand - New Session Created: 743c2df0-315d-11e7-9209-8372c33b3710
[INFO  - 2017-05-05T06:43:31.081Z] SessionManagerReqHand - _cleanupWindowlessSessions - Asynchronous Sessions clean-up phase starting NOW
[INFO  - 2017-05-05T06:43:31.081Z] SessionManagerReqHand - _cleanupWindowlessSessions - Asynchronous Sessions clean-up phase starting NOW
[INFO  - 2017-05-05T06:48:31.061Z] SessionManagerReqHand - _cleanupWindowlessSessions - Asynchronous Sessions clean-up phase starting NOW
[INFO  - 2017-05-05T06:48:31.061Z] SessionManagerReqHand - _cleanupWindowlessSessions - Asynchronous Sessions clean-up phase starting NOW
[INFO  - 2017-05-05T06:53:31.041Z] SessionManagerReqHand - _cleanupWindowlessSessions - Asynchronous Sessions clean-up phase starting NOW
[INFO  - 2017-05-05T06:53:31.042Z] SessionManagerReqHand - _cleanupWindowlessSessions - Asynchronous Sessions clean-up phase starting NOW
[INFO  - 2017-05-05T06:58:31.022Z] SessionManagerReqHand - _cleanupWindowlessSessions - Asynchronous Sessions clean-up phase starting NOW
[INFO  - 2017-05-05T06:58:31.022Z] SessionManagerReqHand - _cleanupWindowlessSessions - Asynchronous Sessions clean-up phase starting NOW
[INFO  - 2017-05-05T07:03:31.002Z] SessionManagerReqHand - _cleanupWindowlessSessions - Asynchronous Sessions clean-up phase starting NOW
[INFO  - 2017-05-05T07:03:31.002Z] SessionManagerReqHand - _cleanupWindowlessSessions - Asynchronous Sessions clean-up phase starting NOW
[INFO  - 2017-05-05T07:08:30.982Z] SessionManagerReqHand - _cleanupWindowlessSessions - Asynchronous Sessions clean-up phase starting NOW
[INFO  - 2017-05-05T07:08:30.983Z] SessionManagerReqHand - _cleanupWindowlessSessions - Asynchronous Sessions clean-up phase starting NOW
[INFO  - 2017-05-05T07:13:30.964Z] SessionManagerReqHand - _cleanupWindowlessSessions - Asynchronous Sessions clean-up phase starting NOW
[INFO  - 2017-05-05T07:13:30.964Z] SessionManagerReqHand - _cleanupWindowlessSessions - Asynchronous Sessions clean-up phase starting NOW
[INFO  - 2017-05-05T07:18:30.944Z] SessionManagerReqHand - _cleanupWindowlessSessions - Asynchronous Sessions clean-up phase starting NOW
[INFO  - 2017-05-05T07:18:30.944Z] SessionManagerReqHand - _cleanupWindowlessSessions - Asynchronous Sessions clean-up phase starting NOW
[INFO  - 2017-05-05T07:23:30.924Z] SessionManagerReqHand - _cleanupWindowlessSessions - Asynchronous Sessions clean-up phase starting NOW
[INFO  - 2017-05-05T07:23:30.924Z] SessionManagerReqHand - _cleanupWindowlessSessions - Asynchronous Sessions clean-up phase starting NOW
[INFO  - 2017-05-05T07:28:30.904Z] SessionManagerReqHand - _cleanupWindowlessSessions - Asynchronous Sessions clean-up phase starting NOW
[INFO  - 2017-05-05T07:28:30.904Z] SessionManagerReqHand - _cleanupWindowlessSessions - Asynchronous Sessions clean-up phase starting NOW
